[15-Jan-2018 02:59:34 UTC] PHP Parse error:  syntax error, unexpected end of file in /home/ubuntu/workspace/wp-content/plugins/elegance-modal-box/elegance-modal-admin.php on line 353
[15-Jan-2018 02:59:34 UTC] PHP Stack trace:
[15-Jan-2018 02:59:34 UTC] PHP   1. {main}() /home/ubuntu/workspace/wp-admin/admin.php:0
[15-Jan-2018 02:59:34 UTC] PHP   2. do_action() /home/ubuntu/workspace/wp-admin/admin.php:224
[15-Jan-2018 02:59:34 UTC] PHP   3. WP_Hook->do_action() /home/ubuntu/workspace/wp-includes/plugin.php:453
[15-Jan-2018 02:59:34 UTC] PHP   4. WP_Hook->apply_filters() /home/ubuntu/workspace/wp-includes/class-wp-hook.php:310
[15-Jan-2018 02:59:34 UTC] PHP   5. call_user_func_array:{/home/ubuntu/workspace/wp-includes/class-wp-hook.php:286}() /home/ubuntu/workspace/wp-includes/class-wp-hook.php:286
[15-Jan-2018 02:59:34 UTC] PHP   6. elegance_modal_admin() /home/ubuntu/workspace/wp-includes/class-wp-hook.php:286
[15-Jan-2018 03:00:04 UTC] PHP Parse error:  syntax error, unexpected end of file in /home/ubuntu/workspace/wp-content/plugins/elegance-modal-box/elegance-modal-admin.php on line 353
[15-Jan-2018 03:00:04 UTC] PHP Stack trace:
[15-Jan-2018 03:00:04 UTC] PHP   1. {main}() /home/ubuntu/workspace/wp-admin/admin.php:0
[15-Jan-2018 03:00:04 UTC] PHP   2. do_action() /home/ubuntu/workspace/wp-admin/admin.php:224
[15-Jan-2018 03:00:04 UTC] PHP   3. WP_Hook->do_action() /home/ubuntu/workspace/wp-includes/plugin.php:453
[15-Jan-2018 03:00:04 UTC] PHP   4. WP_Hook->apply_filters() /home/ubuntu/workspace/wp-includes/class-wp-hook.php:310
[15-Jan-2018 03:00:04 UTC] PHP   5. call_user_func_array:{/home/ubuntu/workspace/wp-includes/class-wp-hook.php:286}() /home/ubuntu/workspace/wp-includes/class-wp-hook.php:286
[15-Jan-2018 03:00:04 UTC] PHP   6. elegance_modal_admin() /home/ubuntu/workspace/wp-includes/class-wp-hook.php:286
[15-Jan-2018 04:44:25 UTC] PHP Parse error:  syntax error, unexpected 'bootstrapjs' (T_STRING) in /home/ubuntu/workspace/wp-content/themes/customizr-child/functions.php on line 15
[15-Jan-2018 04:44:25 UTC] PHP Stack trace:
[15-Jan-2018 04:44:25 UTC] PHP   1. {main}() /home/ubuntu/workspace/wp-admin/admin-ajax.php:0
[15-Jan-2018 04:44:25 UTC] PHP   2. require_once() /home/ubuntu/workspace/wp-admin/admin-ajax.php:22
[15-Jan-2018 04:44:25 UTC] PHP   3. require_once() /home/ubuntu/workspace/wp-load.php:37
[15-Jan-2018 04:44:25 UTC] PHP   4. require_once() /home/ubuntu/workspace/wp-config.php:92
[15-Jan-2018 22:47:45 UTC] PHP Parse error:  syntax error, unexpected 'MY' (T_STRING) in /home/ubuntu/workspace/wp-content/themes/customizr-child/functions.php on line 14
[15-Jan-2018 22:47:45 UTC] PHP Stack trace:
[15-Jan-2018 22:47:45 UTC] PHP   1. {main}() /home/ubuntu/workspace/wp-admin/admin-ajax.php:0
[15-Jan-2018 22:47:45 UTC] PHP   2. require_once() /home/ubuntu/workspace/wp-admin/admin-ajax.php:22
[15-Jan-2018 22:47:45 UTC] PHP   3. require_once() /home/ubuntu/workspace/wp-load.php:37
[15-Jan-2018 22:47:45 UTC] PHP   4. require_once() /home/ubuntu/workspace/wp-config.php:92
[18-Jan-2018 01:34:50 UTC] PHP Warning:  Invalid argument supplied for foreach() in /home/ubuntu/workspace/wp-content/plugins/multi-step-form/includes/class-mondula-multistep-forms-settings-api.php on line 316
[18-Jan-2018 01:34:50 UTC] PHP Stack trace:
[18-Jan-2018 01:34:50 UTC] PHP   1. {main}() /home/ubuntu/workspace/wp-admin/options.php:0
[18-Jan-2018 01:34:50 UTC] PHP   2. update_option() /home/ubuntu/workspace/wp-admin/options.php:213
[18-Jan-2018 01:34:50 UTC] PHP   3. sanitize_option() /home/ubuntu/workspace/wp-includes/option.php:297
[18-Jan-2018 01:34:50 UTC] PHP   4. apply_filters() /home/ubuntu/workspace/wp-includes/formatting.php:4314
[18-Jan-2018 01:34:50 UTC] PHP   5. WP_Hook->apply_filters() /home/ubuntu/workspace/wp-includes/plugin.php:203
[18-Jan-2018 01:34:50 UTC] PHP   6. call_user_func_array:{/home/ubuntu/workspace/wp-includes/class-wp-hook.php:288}() /home/ubuntu/workspace/wp-includes/class-wp-hook.php:288
[18-Jan-2018 01:34:50 UTC] PHP   7. Mondula_Form_Wizard_Settings_API->sanitize_options() /home/ubuntu/workspace/wp-includes/class-wp-hook.php:288
[18-Jan-2018 03:34:20 UTC] PHP Warning:  Illegal string offset 'min' in /home/ubuntu/workspace/wp-content/plugins/advanced-search-form-builder/includes/cs-framework-override/fields/range_number/range_number.php on line 11
[18-Jan-2018 03:34:20 UTC] PHP Stack trace:
[18-Jan-2018 03:34:20 UTC] PHP   1. {main}() /home/ubuntu/workspace/wp-admin/post-new.php:0
[18-Jan-2018 03:34:20 UTC] PHP   2. include() /home/ubuntu/workspace/wp-admin/post-new.php:76
[18-Jan-2018 03:34:20 UTC] PHP   3. do_meta_boxes() /home/ubuntu/workspace/wp-admin/edit-form-advanced.php:714
[18-Jan-2018 03:34:20 UTC] PHP   4. call_user_func:{/home/ubuntu/workspace/wp-admin/includes/template.php:1063}() /home/ubuntu/workspace/wp-admin/includes/template.php:1063
[18-Jan-2018 03:34:20 UTC] PHP   5. CSFramework_Metabox->render_meta_box_content() /home/ubuntu/workspace/wp-admin/includes/template.php:1063
[18-Jan-2018 03:34:20 UTC] PHP   6. cs_add_element() /home/ubuntu/workspace/wp-content/plugins/advanced-search-form-builder/includes/cs-framework/classes/metabox.class.php:123
[18-Jan-2018 03:34:20 UTC] PHP   7. CSFramework_Option_group->output() /home/ubuntu/workspace/wp-content/plugins/advanced-search-form-builder/includes/cs-framework/functions/helpers.php:45
[18-Jan-2018 03:34:20 UTC] PHP   8. cs_add_element() /home/ubuntu/workspace/wp-content/plugins/advanced-search-form-builder/includes/cs-framework-override/fields/group/group.php:41
[18-Jan-2018 03:34:20 UTC] PHP   9. CSFramework_Option_range_number->output() /home/ubuntu/workspace/wp-content/plugins/advanced-search-form-builder/includes/cs-framework/functions/helpers.php:45
[18-Jan-2018 03:34:20 UTC] PHP Warning:  Illegal string offset 'max' in /home/ubuntu/workspace/wp-content/plugins/advanced-search-form-builder/includes/cs-framework-override/fields/range_number/range_number.php on line 12
[18-Jan-2018 03:34:20 UTC] PHP Stack trace:
[18-Jan-2018 03:34:20 UTC] PHP   1. {main}() /home/ubuntu/workspace/wp-admin/post-new.php:0
[18-Jan-2018 03:34:20 UTC] PHP   2. include() /home/ubuntu/workspace/wp-admin/post-new.php:76
[18-Jan-2018 03:34:20 UTC] PHP   3. do_meta_boxes() /home/ubuntu/workspace/wp-admin/edit-form-advanced.php:714
[18-Jan-2018 03:34:20 UTC] PHP   4. call_user_func:{/home/ubuntu/workspace/wp-admin/includes/template.php:1063}() /home/ubuntu/workspace/wp-admin/includes/template.php:1063
[18-Jan-2018 03:34:20 UTC] PHP   5. CSFramework_Metabox->render_meta_box_content() /home/ubuntu/workspace/wp-admin/includes/template.php:1063
[18-Jan-2018 03:34:20 UTC] PHP   6. cs_add_element() /home/ubuntu/workspace/wp-content/plugins/advanced-search-form-builder/includes/cs-framework/classes/metabox.class.php:123
[18-Jan-2018 03:34:20 UTC] PHP   7. CSFramework_Option_group->output() /home/ubuntu/workspace/wp-content/plugins/advanced-search-form-builder/includes/cs-framework/functions/helpers.php:45
[18-Jan-2018 03:34:20 UTC] PHP   8. cs_add_element() /home/ubuntu/workspace/wp-content/plugins/advanced-search-form-builder/includes/cs-framework-override/fields/group/group.php:41
[18-Jan-2018 03:34:20 UTC] PHP   9. CSFramework_Option_range_number->output() /home/ubuntu/workspace/wp-content/plugins/advanced-search-form-builder/includes/cs-framework/functions/helpers.php:45
[18-Jan-2018 03:34:20 UTC] PHP Warning:  Illegal string offset 'step' in /home/ubuntu/workspace/wp-content/plugins/advanced-search-form-builder/includes/cs-framework-override/fields/range_number/range_number.php on line 13
[18-Jan-2018 03:34:20 UTC] PHP Stack trace:
[18-Jan-2018 03:34:20 UTC] PHP   1. {main}() /home/ubuntu/workspace/wp-admin/post-new.php:0
[18-Jan-2018 03:34:20 UTC] PHP   2. include() /home/ubuntu/workspace/wp-admin/post-new.php:76
[18-Jan-2018 03:34:20 UTC] PHP   3. do_meta_boxes() /home/ubuntu/workspace/wp-admin/edit-form-advanced.php:714
[18-Jan-2018 03:34:20 UTC] PHP   4. call_user_func:{/home/ubuntu/workspace/wp-admin/includes/template.php:1063}() /home/ubuntu/workspace/wp-admin/includes/template.php:1063
[18-Jan-2018 03:34:20 UTC] PHP   5. CSFramework_Metabox->render_meta_box_content() /home/ubuntu/workspace/wp-admin/includes/template.php:1063
[18-Jan-2018 03:34:20 UTC] PHP   6. cs_add_element() /home/ubuntu/workspace/wp-content/plugins/advanced-search-form-builder/includes/cs-framework/classes/metabox.class.php:123
[18-Jan-2018 03:34:20 UTC] PHP   7. CSFramework_Option_group->output() /home/ubuntu/workspace/wp-content/plugins/advanced-search-form-builder/includes/cs-framework/functions/helpers.php:45
[18-Jan-2018 03:34:20 UTC] PHP   8. cs_add_element() /home/ubuntu/workspace/wp-content/plugins/advanced-search-form-builder/includes/cs-framework-override/fields/group/group.php:41
[18-Jan-2018 03:34:20 UTC] PHP   9. CSFramework_Option_range_number->output() /home/ubuntu/workspace/wp-content/plugins/advanced-search-form-builder/includes/cs-framework/functions/helpers.php:45
[18-Jan-2018 03:35:24 UTC] PHP Warning:  Illegal string offset 'min' in /home/ubuntu/workspace/wp-content/plugins/advanced-search-form-builder/includes/cs-framework-override/fields/range_number/range_number.php on line 11
[18-Jan-2018 03:35:24 UTC] PHP Stack trace:
[18-Jan-2018 03:35:24 UTC] PHP   1. {main}() /home/ubuntu/workspace/wp-admin/post.php:0
[18-Jan-2018 03:35:24 UTC] PHP   2. include() /home/ubuntu/workspace/wp-admin/post.php:174
[18-Jan-2018 03:35:24 UTC] PHP   3. do_meta_boxes() /home/ubuntu/workspace/wp-admin/edit-form-advanced.php:714
[18-Jan-2018 03:35:24 UTC] PHP   4. call_user_func:{/home/ubuntu/workspace/wp-admin/includes/template.php:1063}() /home/ubuntu/workspace/wp-admin/includes/template.php:1063
[18-Jan-2018 03:35:24 UTC] PHP   5. CSFramework_Metabox->render_meta_box_content() /home/ubuntu/workspace/wp-admin/includes/template.php:1063
[18-Jan-2018 03:35:24 UTC] PHP   6. cs_add_element() /home/ubuntu/workspace/wp-content/plugins/advanced-search-form-builder/includes/cs-framework/classes/metabox.class.php:123
[18-Jan-2018 03:35:24 UTC] PHP   7. CSFramework_Option_group->output() /home/ubuntu/workspace/wp-content/plugins/advanced-search-form-builder/includes/cs-framework/functions/helpers.php:45
[18-Jan-2018 03:35:24 UTC] PHP   8. cs_add_element() /home/ubuntu/workspace/wp-content/plugins/advanced-search-form-builder/includes/cs-framework-override/fields/group/group.php:41
[18-Jan-2018 03:35:24 UTC] PHP   9. CSFramework_Option_range_number->output() /home/ubuntu/workspace/wp-content/plugins/advanced-search-form-builder/includes/cs-framework/functions/helpers.php:45
[18-Jan-2018 03:35:24 UTC] PHP Warning:  Illegal string offset 'max' in /home/ubuntu/workspace/wp-content/plugins/advanced-search-form-builder/includes/cs-framework-override/fields/range_number/range_number.php on line 12
[18-Jan-2018 03:35:24 UTC] PHP Stack trace:
[18-Jan-2018 03:35:24 UTC] PHP   1. {main}() /home/ubuntu/workspace/wp-admin/post.php:0
[18-Jan-2018 03:35:24 UTC] PHP   2. include() /home/ubuntu/workspace/wp-admin/post.php:174
[18-Jan-2018 03:35:24 UTC] PHP   3. do_meta_boxes() /home/ubuntu/workspace/wp-admin/edit-form-advanced.php:714
[18-Jan-2018 03:35:24 UTC] PHP   4. call_user_func:{/home/ubuntu/workspace/wp-admin/includes/template.php:1063}() /home/ubuntu/workspace/wp-admin/includes/template.php:1063
[18-Jan-2018 03:35:24 UTC] PHP   5. CSFramework_Metabox->render_meta_box_content() /home/ubuntu/workspace/wp-admin/includes/template.php:1063
[18-Jan-2018 03:35:24 UTC] PHP   6. cs_add_element() /home/ubuntu/workspace/wp-content/plugins/advanced-search-form-builder/includes/cs-framework/classes/metabox.class.php:123
[18-Jan-2018 03:35:24 UTC] PHP   7. CSFramework_Option_group->output() /home/ubuntu/workspace/wp-content/plugins/advanced-search-form-builder/includes/cs-framework/functions/helpers.php:45
[18-Jan-2018 03:35:24 UTC] PHP   8. cs_add_element() /home/ubuntu/workspace/wp-content/plugins/advanced-search-form-builder/includes/cs-framework-override/fields/group/group.php:41
[18-Jan-2018 03:35:24 UTC] PHP   9. CSFramework_Option_range_number->output() /home/ubuntu/workspace/wp-content/plugins/advanced-search-form-builder/includes/cs-framework/functions/helpers.php:45
[18-Jan-2018 03:35:24 UTC] PHP Warning:  Illegal string offset 'step' in /home/ubuntu/workspace/wp-content/plugins/advanced-search-form-builder/includes/cs-framework-override/fields/range_number/range_number.php on line 13
[18-Jan-2018 03:35:24 UTC] PHP Stack trace:
[18-Jan-2018 03:35:24 UTC] PHP   1. {main}() /home/ubuntu/workspace/wp-admin/post.php:0
[18-Jan-2018 03:35:24 UTC] PHP   2. include() /home/ubuntu/workspace/wp-admin/post.php:174
[18-Jan-2018 03:35:24 UTC] PHP   3. do_meta_boxes() /home/ubuntu/workspace/wp-admin/edit-form-advanced.php:714
[18-Jan-2018 03:35:24 UTC] PHP   4. call_user_func:{/home/ubuntu/workspace/wp-admin/includes/template.php:1063}() /home/ubuntu/workspace/wp-admin/includes/template.php:1063
[18-Jan-2018 03:35:24 UTC] PHP   5. CSFramework_Metabox->render_meta_box_content() /home/ubuntu/workspace/wp-admin/includes/template.php:1063
[18-Jan-2018 03:35:24 UTC] PHP   6. cs_add_element() /home/ubuntu/workspace/wp-content/plugins/advanced-search-form-builder/includes/cs-framework/classes/metabox.class.php:123
[18-Jan-2018 03:35:24 UTC] PHP   7. CSFramework_Option_group->output() /home/ubuntu/workspace/wp-content/plugins/advanced-search-form-builder/includes/cs-framework/functions/helpers.php:45
[18-Jan-2018 03:35:24 UTC] PHP   8. cs_add_element() /home/ubuntu/workspace/wp-content/plugins/advanced-search-form-builder/includes/cs-framework-override/fields/group/group.php:41
[18-Jan-2018 03:35:24 UTC] PHP   9. CSFramework_Option_range_number->output() /home/ubuntu/workspace/wp-content/plugins/advanced-search-form-builder/includes/cs-framework/functions/helpers.php:45
[18-Jan-2018 04:21:18 UTC] PHP Warning:  Illegal string offset 'min' in /home/ubuntu/workspace/wp-content/plugins/advanced-search-form-builder/includes/cs-framework-override/fields/range_number/range_number.php on line 11
[18-Jan-2018 04:21:18 UTC] PHP Stack trace:
[18-Jan-2018 04:21:18 UTC] PHP   1. {main}() /home/ubuntu/workspace/wp-admin/post.php:0
[18-Jan-2018 04:21:18 UTC] PHP   2. include() /home/ubuntu/workspace/wp-admin/post.php:174
[18-Jan-2018 04:21:18 UTC] PHP   3. do_meta_boxes() /home/ubuntu/workspace/wp-admin/edit-form-advanced.php:714
[18-Jan-2018 04:21:18 UTC] PHP   4. call_user_func:{/home/ubuntu/workspace/wp-admin/includes/template.php:1063}() /home/ubuntu/workspace/wp-admin/includes/template.php:1063
[18-Jan-2018 04:21:18 UTC] PHP   5. CSFramework_Metabox->render_meta_box_content() /home/ubuntu/workspace/wp-admin/includes/template.php:1063
[18-Jan-2018 04:21:18 UTC] PHP   6. cs_add_element() /home/ubuntu/workspace/wp-content/plugins/advanced-search-form-builder/includes/cs-framework/classes/metabox.class.php:123
[18-Jan-2018 04:21:18 UTC] PHP   7. CSFramework_Option_group->output() /home/ubuntu/workspace/wp-content/plugins/advanced-search-form-builder/includes/cs-framework/functions/helpers.php:45
[18-Jan-2018 04:21:18 UTC] PHP   8. cs_add_element() /home/ubuntu/workspace/wp-content/plugins/advanced-search-form-builder/includes/cs-framework-override/fields/group/group.php:41
[18-Jan-2018 04:21:18 UTC] PHP   9. CSFramework_Option_range_number->output() /home/ubuntu/workspace/wp-content/plugins/advanced-search-form-builder/includes/cs-framework/functions/helpers.php:45
[18-Jan-2018 04:21:18 UTC] PHP Warning:  Illegal string offset 'max' in /home/ubuntu/workspace/wp-content/plugins/advanced-search-form-builder/includes/cs-framework-override/fields/range_number/range_number.php on line 12
[18-Jan-2018 04:21:18 UTC] PHP Stack trace:
[18-Jan-2018 04:21:18 UTC] PHP   1. {main}() /home/ubuntu/workspace/wp-admin/post.php:0
[18-Jan-2018 04:21:18 UTC] PHP   2. include() /home/ubuntu/workspace/wp-admin/post.php:174
[18-Jan-2018 04:21:18 UTC] PHP   3. do_meta_boxes() /home/ubuntu/workspace/wp-admin/edit-form-advanced.php:714
[18-Jan-2018 04:21:18 UTC] PHP   4. call_user_func:{/home/ubuntu/workspace/wp-admin/includes/template.php:1063}() /home/ubuntu/workspace/wp-admin/includes/template.php:1063
[18-Jan-2018 04:21:18 UTC] PHP   5. CSFramework_Metabox->render_meta_box_content() /home/ubuntu/workspace/wp-admin/includes/template.php:1063
[18-Jan-2018 04:21:18 UTC] PHP   6. cs_add_element() /home/ubuntu/workspace/wp-content/plugins/advanced-search-form-builder/includes/cs-framework/classes/metabox.class.php:123
[18-Jan-2018 04:21:18 UTC] PHP   7. CSFramework_Option_group->output() /home/ubuntu/workspace/wp-content/plugins/advanced-search-form-builder/includes/cs-framework/functions/helpers.php:45
[18-Jan-2018 04:21:18 UTC] PHP   8. cs_add_element() /home/ubuntu/workspace/wp-content/plugins/advanced-search-form-builder/includes/cs-framework-override/fields/group/group.php:41
[18-Jan-2018 04:21:18 UTC] PHP   9. CSFramework_Option_range_number->output() /home/ubuntu/workspace/wp-content/plugins/advanced-search-form-builder/includes/cs-framework/functions/helpers.php:45
[18-Jan-2018 04:21:18 UTC] PHP Warning:  Illegal string offset 'step' in /home/ubuntu/workspace/wp-content/plugins/advanced-search-form-builder/includes/cs-framework-override/fields/range_number/range_number.php on line 13
[18-Jan-2018 04:21:18 UTC] PHP Stack trace:
[18-Jan-2018 04:21:18 UTC] PHP   1. {main}() /home/ubuntu/workspace/wp-admin/post.php:0
[18-Jan-2018 04:21:18 UTC] PHP   2. include() /home/ubuntu/workspace/wp-admin/post.php:174
[18-Jan-2018 04:21:18 UTC] PHP   3. do_meta_boxes() /home/ubuntu/workspace/wp-admin/edit-form-advanced.php:714
[18-Jan-2018 04:21:18 UTC] PHP   4. call_user_func:{/home/ubuntu/workspace/wp-admin/includes/template.php:1063}() /home/ubuntu/workspace/wp-admin/includes/template.php:1063
[18-Jan-2018 04:21:18 UTC] PHP   5. CSFramework_Metabox->render_meta_box_content() /home/ubuntu/workspace/wp-admin/includes/template.php:1063
[18-Jan-2018 04:21:18 UTC] PHP   6. cs_add_element() /home/ubuntu/workspace/wp-content/plugins/advanced-search-form-builder/includes/cs-framework/classes/metabox.class.php:123
[18-Jan-2018 04:21:18 UTC] PHP   7. CSFramework_Option_group->output() /home/ubuntu/workspace/wp-content/plugins/advanced-search-form-builder/includes/cs-framework/functions/helpers.php:45
[18-Jan-2018 04:21:18 UTC] PHP   8. cs_add_element() /home/ubuntu/workspace/wp-content/plugins/advanced-search-form-builder/includes/cs-framework-override/fields/group/group.php:41
[18-Jan-2018 04:21:18 UTC] PHP   9. CSFramework_Option_range_number->output() /home/ubuntu/workspace/wp-content/plugins/advanced-search-form-builder/includes/cs-framework/functions/helpers.php:45
